::1 - - [09/Mar/2018:04:30:38 +0000] "GET / HTTP/1.1" 304 -
::1 - - [09/Mar/2018:04:30:44 +0000] "GET / HTTP/1.1" 304 -
::1 - - [09/Mar/2018:04:30:50 +0000] "GET / HTTP/1.1" 304 -
::1 - - [10/Mar/2018:03:33:30 +0000] "POST / HTTP/1.1" 404 140
::1 - - [10/Mar/2018:03:34:05 +0000] "POST / HTTP/1.1" 200 -
::1 - - [10/Mar/2018:03:34:30 +0000] "POST / HTTP/1.1" 200 -
::1 - - [10/Mar/2018:03:35:14 +0000] "POST / HTTP/1.1" 200 2
::1 - - [10/Mar/2018:03:36:23 +0000] "POST / HTTP/1.1" 200 2
::1 - - [10/Mar/2018:03:36:59 +0000] "POST / HTTP/1.1" 500 2117
::1 - - [10/Mar/2018:03:37:56 +0000] "POST / HTTP/1.1" 200 2
::1 - - [10/Mar/2018:03:39:18 +0000] "POST / HTTP/1.1" 200 20
::1 - - [10/Mar/2018:03:39:44 +0000] "POST / HTTP/1.1" 200 -
::1 - - [10/Mar/2018:03:41:28 +0000] "POST / HTTP/1.1" 200 2
::1 - - [10/Mar/2018:03:42:19 +0000] "POST / HTTP/1.1" 200 2
::1 - - [10/Mar/2018:03:42:54 +0000] "POST / HTTP/1.1" 200 2
::1 - - [10/Mar/2018:03:43:10 +0000] "POST / HTTP/1.1" 200 2
::1 - - [10/Mar/2018:03:44:38 +0000] "POST / HTTP/1.1" 200 2
::1 - - [10/Mar/2018:04:38:55 +0000] "POST /api/user/signup HTTP/1.1" 200 51
::1 - - [10/Mar/2018:04:56:08 +0000] "POST /api/user/signup HTTP/1.1" 409 32
::1 - - [11/Mar/2018:07:02:39 +0000] "POST /api/user/sign-in HTTP/1.1" 200 211
::1 - - [11/Mar/2018:08:12:05 +0000] "GET /api/books/ HTTP/1.1" 200 111
::1 - - [11/Mar/2018:08:12:38 +0000] "GET /api/books/ HTTP/1.1" 200 98
::1 - - [11/Mar/2018:08:14:17 +0000] "GET /api/books/ HTTP/1.1" 200 163
::1 - - [11/Mar/2018:08:20:00 +0000] "GET /api/books/ HTTP/1.1" 401 35
::1 - - [11/Mar/2018:08:21:57 +0000] "POST /api/user/sign-in HTTP/1.1" 200 211
::1 - - [11/Mar/2018:08:22:20 +0000] "GET /api/books/ HTTP/1.1" 200 163
::1 - - [11/Mar/2018:08:22:46 +0000] "GET /api/books/ HTTP/1.1" 401 35
::1 - - [11/Mar/2018:09:33:20 +0000] "POST /api/files/ HTTP/1.1" 500 1556
::1 - - [11/Mar/2018:09:35:38 +0000] "POST /api/files/ HTTP/1.1" 500 1555
::1 - - [11/Mar/2018:09:37:45 +0000] "POST /api/files/ HTTP/1.1" 500 1556
::1 - - [11/Mar/2018:09:39:43 +0000] "POST /api/files/ HTTP/1.1" 500 1556
::1 - - [11/Mar/2018:09:43:50 +0000] "POST /api/files/ HTTP/1.1" 500 1556
::1 - - [11/Mar/2018:09:46:34 +0000] "POST /api/files/ HTTP/1.1" 500 1556
::1 - - [11/Mar/2018:09:48:22 +0000] "POST /api/files/ HTTP/1.1" 500 219
::1 - - [11/Mar/2018:09:49:24 +0000] "POST /api/files/ HTTP/1.1" 500 219
::1 - - [11/Mar/2018:09:49:42 +0000] "POST /api/files/ HTTP/1.1" 500 225
::1 - - [11/Mar/2018:09:51:23 +0000] "POST /api/files/ HTTP/1.1" 500 230
::1 - - [11/Mar/2018:09:52:10 +0000] "POST /api/files/ HTTP/1.1" 200 2
::1 - - [11/Mar/2018:09:54:14 +0000] "POST /api/files/ HTTP/1.1" 401 35
::1 - - [11/Mar/2018:09:55:07 +0000] "POST /api/user/sign-in HTTP/1.1" 200 211
::1 - - [11/Mar/2018:09:55:21 +0000] "POST /api/files/ HTTP/1.1" 200 2
